<?xml version="1.0" encoding="UTF-8"?>
<!-- Generated by org.testng.reporters.JUnitXMLReporter -->
<testsuite hostname="hgugapmbpp15077" ignored="0" name="Default test" tests="5" failures="0" timestamp="26 Jun 2019 08:26:58 GMT" time="60.276" errors="0">
  <testcase name="verifyQbotlaunch" time="2.698" classname="com.testcases.HomeTestPage"/>
  <testcase name="verifyContentTesting" time="12.09" classname="com.testcases.HomeTestPage"/>
  <testcase name="verifyContentReports" time="29.913" classname="com.testcases.HomeTestPage"/>
  <testcase name="verifyUsingExcel" time="12.052" classname="com.testcases.HomeTestPage"/>
  <testcase name="verifyExcelReports" time="3.502" classname="com.testcases.HomeTestPage"/>
</testsuite> <!-- Default test -->
