<?xml version="1.0" encoding="UTF-8"?>
<!-- Generated by org.testng.reporters.JUnitXMLReporter -->
<testsuite hostname="hgugapmbpp15077" ignored="0" name="Test" tests="5" failures="0" timestamp="27 Jun 2019 07:42:09 GMT" time="38.31" errors="0">
  <testcase name="verifyQbotlaunch" time="2.691" classname="com.testcases.HomeTestPage"/>
  <testcase name="verifyContentTesting" time="12.201" classname="com.testcases.HomeTestPage"/>
  <testcase name="verifyContentReports" time="8.48" classname="com.testcases.HomeTestPage"/>
  <testcase name="verifyUsingExcel" time="11.898" classname="com.testcases.HomeTestPage"/>
  <testcase name="verifyExcelReports" time="3.019" classname="com.testcases.HomeTestPage"/>
</testsuite> <!-- Test -->
