<?xml version="1.0" encoding="UTF-8"?>
<!-- Generated by org.testng.reporters.JUnitXMLReporter -->
<testsuite hostname="hgugapmbpp15037" ignored="0" name="Test" tests="5" failures="0" timestamp="26 Jul 2019 07:17:16 GMT" time="36.852" errors="0">
  <testcase name="verifyQbotlaunch" time="2.738" classname="com.testcases.HomeTestPage"/>
  <testcase name="verifyContentTesting" time="12.571" classname="com.testcases.HomeTestPage"/>
  <testcase name="verifyContentReports" time="6.542" classname="com.testcases.HomeTestPage"/>
  <testcase name="verifyUsingExcel" time="11.956" classname="com.testcases.HomeTestPage"/>
  <testcase name="verifyExcelReports" time="3.015" classname="com.testcases.HomeTestPage"/>
</testsuite> <!-- Test -->
