<?xml version="1.0" encoding="UTF-8"?>
<testng-results skipped="0" failed="0" ignored="0" total="5" passed="5">
  <reporter-output>
  </reporter-output>
  <suite name="Suite" duration-ms="36852" started-at="2019-07-26T07:16:39Z" finished-at="2019-07-26T07:17:16Z">
    <groups>
    </groups>
    <test name="Test" duration-ms="36852" started-at="2019-07-26T07:16:39Z" finished-at="2019-07-26T07:17:16Z">
      <class name="com.testcases.HomeTestPage">
        <test-method status="PASS" signature="navigate()[pri:0, instance:com.testcases.HomeTestPage@59a6e353]" name="navigate" is-config="true" duration-ms="8436" started-at="2019-07-26T12:46:31Z" finished-at="2019-07-26T12:46:39Z">
          <reporter-output>
          </reporter-output>
        </test-method> <!-- navigate -->
        <test-method status="PASS" signature="verifyQbotlaunch()[pri:1, instance:com.testcases.HomeTestPage@59a6e353]" name="verifyQbotlaunch" duration-ms="2738" started-at="2019-07-26T12:46:39Z" finished-at="2019-07-26T12:46:42Z">
          <reporter-output>
          </reporter-output>
        </test-method> <!-- verifyQbotlaunch -->
        <test-method status="PASS" signature="captureStatus(org.testng.ITestResult)[pri:0, instance:com.testcases.HomeTestPage@59a6e353]" name="captureStatus" is-config="true" duration-ms="5" started-at="2019-07-26T12:46:42Z" finished-at="2019-07-26T12:46:42Z">
          <params>
            <param index="0">
              <value>
                <![CDATA[[TestResult name=verifyQbotlaunch status=SUCCESS method=HomeTestPage.verifyQbotlaunch()[pri:1, instance:com.testcases.HomeTestPage@59a6e353] output={null}]]]>
              </value>
            </param>
          </params>
          <reporter-output>
          </reporter-output>
        </test-method> <!-- captureStatus -->
        <test-method status="PASS" signature="verifyContentTesting()[pri:2, instance:com.testcases.HomeTestPage@59a6e353]" name="verifyContentTesting" duration-ms="12571" started-at="2019-07-26T12:46:42Z" finished-at="2019-07-26T12:46:55Z">
          <reporter-output>
          </reporter-output>
        </test-method> <!-- verifyContentTesting -->
        <test-method status="PASS" signature="captureStatus(org.testng.ITestResult)[pri:0, instance:com.testcases.HomeTestPage@59a6e353]" name="captureStatus" is-config="true" duration-ms="0" started-at="2019-07-26T12:46:55Z" finished-at="2019-07-26T12:46:55Z">
          <params>
            <param index="0">
              <value>
                <![CDATA[[TestResult name=verifyContentTesting status=SUCCESS method=HomeTestPage.verifyContentTesting()[pri:2, instance:com.testcases.HomeTestPage@59a6e353] output={null}]]]>
              </value>
            </param>
          </params>
          <reporter-output>
          </reporter-output>
        </test-method> <!-- captureStatus -->
        <test-method status="PASS" signature="verifyContentReports()[pri:3, instance:com.testcases.HomeTestPage@59a6e353]" name="verifyContentReports" duration-ms="6542" started-at="2019-07-26T12:46:55Z" finished-at="2019-07-26T12:47:01Z">
          <reporter-output>
          </reporter-output>
        </test-method> <!-- verifyContentReports -->
        <test-method status="PASS" signature="captureStatus(org.testng.ITestResult)[pri:0, instance:com.testcases.HomeTestPage@59a6e353]" name="captureStatus" is-config="true" duration-ms="0" started-at="2019-07-26T12:47:01Z" finished-at="2019-07-26T12:47:01Z">
          <params>
            <param index="0">
              <value>
                <![CDATA[[TestResult name=verifyContentReports status=SUCCESS method=HomeTestPage.verifyContentReports()[pri:3, instance:com.testcases.HomeTestPage@59a6e353] output={null}]]]>
              </value>
            </param>
          </params>
          <reporter-output>
          </reporter-output>
        </test-method> <!-- captureStatus -->
        <test-method status="PASS" signature="verifyUsingExcel()[pri:4, instance:com.testcases.HomeTestPage@59a6e353]" name="verifyUsingExcel" duration-ms="11956" started-at="2019-07-26T12:47:01Z" finished-at="2019-07-26T12:47:13Z">
          <reporter-output>
          </reporter-output>
        </test-method> <!-- verifyUsingExcel -->
        <test-method status="PASS" signature="captureStatus(org.testng.ITestResult)[pri:0, instance:com.testcases.HomeTestPage@59a6e353]" name="captureStatus" is-config="true" duration-ms="1" started-at="2019-07-26T12:47:13Z" finished-at="2019-07-26T12:47:13Z">
          <params>
            <param index="0">
              <value>
                <![CDATA[[TestResult name=verifyUsingExcel status=SUCCESS method=HomeTestPage.verifyUsingExcel()[pri:4, instance:com.testcases.HomeTestPage@59a6e353] output={null}]]]>
              </value>
            </param>
          </params>
          <reporter-output>
          </reporter-output>
        </test-method> <!-- captureStatus -->
        <test-method status="PASS" signature="verifyExcelReports()[pri:5, instance:com.testcases.HomeTestPage@59a6e353]" name="verifyExcelReports" duration-ms="3015" started-at="2019-07-26T12:47:13Z" finished-at="2019-07-26T12:47:16Z">
          <reporter-output>
          </reporter-output>
        </test-method> <!-- verifyExcelReports -->
        <test-method status="PASS" signature="captureStatus(org.testng.ITestResult)[pri:0, instance:com.testcases.HomeTestPage@59a6e353]" name="captureStatus" is-config="true" duration-ms="1" started-at="2019-07-26T12:47:16Z" finished-at="2019-07-26T12:47:16Z">
          <params>
            <param index="0">
              <value>
                <![CDATA[[TestResult name=verifyExcelReports status=SUCCESS method=HomeTestPage.verifyExcelReports()[pri:5, instance:com.testcases.HomeTestPage@59a6e353] output={null}]]]>
              </value>
            </param>
          </params>
          <reporter-output>
          </reporter-output>
        </test-method> <!-- captureStatus -->
        <test-method status="PASS" signature="tearDown()[pri:0, instance:com.testcases.HomeTestPage@59a6e353]" name="tearDown" is-config="true" duration-ms="377" started-at="2019-07-26T12:47:16Z" finished-at="2019-07-26T12:47:17Z">
          <reporter-output>
          </reporter-output>
        </test-method> <!-- tearDown -->
      </class> <!-- com.testcases.HomeTestPage -->
    </test> <!-- Test -->
  </suite> <!-- Suite -->
</testng-results>
