<?xml version="1.0" encoding="UTF-8"?>
<testng-results skipped="0" failed="0" ignored="0" total="5" passed="5">
  <reporter-output>
  </reporter-output>
  <suite name="Suite" duration-ms="38310" started-at="2019-06-27T07:41:31Z" finished-at="2019-06-27T07:42:09Z">
    <groups>
    </groups>
    <test name="Test" duration-ms="38310" started-at="2019-06-27T07:41:31Z" finished-at="2019-06-27T07:42:09Z">
      <class name="com.testcases.HomeTestPage">
        <test-method status="PASS" signature="navigate()[pri:0, instance:com.testcases.HomeTestPage@4883b407]" name="navigate" is-config="true" duration-ms="6072" started-at="2019-06-27T13:11:25Z" finished-at="2019-06-27T13:11:31Z">
          <reporter-output>
          </reporter-output>
        </test-method> <!-- navigate -->
        <test-method status="PASS" signature="verifyQbotlaunch()[pri:1, instance:com.testcases.HomeTestPage@4883b407]" name="verifyQbotlaunch" duration-ms="2691" started-at="2019-06-27T13:11:31Z" finished-at="2019-06-27T13:11:34Z">
          <reporter-output>
          </reporter-output>
        </test-method> <!-- verifyQbotlaunch -->
        <test-method status="PASS" signature="captureStatus(org.testng.ITestResult)[pri:0, instance:com.testcases.HomeTestPage@4883b407]" name="captureStatus" is-config="true" duration-ms="4" started-at="2019-06-27T13:11:34Z" finished-at="2019-06-27T13:11:34Z">
          <params>
            <param index="0">
              <value>
                <![CDATA[[TestResult name=verifyQbotlaunch status=SUCCESS method=HomeTestPage.verifyQbotlaunch()[pri:1, instance:com.testcases.HomeTestPage@4883b407] output={null}]]]>
              </value>
            </param>
          </params>
          <reporter-output>
          </reporter-output>
        </test-method> <!-- captureStatus -->
        <test-method status="PASS" signature="verifyContentTesting()[pri:2, instance:com.testcases.HomeTestPage@4883b407]" name="verifyContentTesting" duration-ms="12201" started-at="2019-06-27T13:11:34Z" finished-at="2019-06-27T13:11:46Z">
          <reporter-output>
          </reporter-output>
        </test-method> <!-- verifyContentTesting -->
        <test-method status="PASS" signature="captureStatus(org.testng.ITestResult)[pri:0, instance:com.testcases.HomeTestPage@4883b407]" name="captureStatus" is-config="true" duration-ms="1" started-at="2019-06-27T13:11:46Z" finished-at="2019-06-27T13:11:46Z">
          <params>
            <param index="0">
              <value>
                <![CDATA[[TestResult name=verifyContentTesting status=SUCCESS method=HomeTestPage.verifyContentTesting()[pri:2, instance:com.testcases.HomeTestPage@4883b407] output={null}]]]>
              </value>
            </param>
          </params>
          <reporter-output>
          </reporter-output>
        </test-method> <!-- captureStatus -->
        <test-method status="PASS" signature="verifyContentReports()[pri:3, instance:com.testcases.HomeTestPage@4883b407]" name="verifyContentReports" duration-ms="8480" started-at="2019-06-27T13:11:46Z" finished-at="2019-06-27T13:11:54Z">
          <reporter-output>
          </reporter-output>
        </test-method> <!-- verifyContentReports -->
        <test-method status="PASS" signature="captureStatus(org.testng.ITestResult)[pri:0, instance:com.testcases.HomeTestPage@4883b407]" name="captureStatus" is-config="true" duration-ms="0" started-at="2019-06-27T13:11:54Z" finished-at="2019-06-27T13:11:54Z">
          <params>
            <param index="0">
              <value>
                <![CDATA[[TestResult name=verifyContentReports status=SUCCESS method=HomeTestPage.verifyContentReports()[pri:3, instance:com.testcases.HomeTestPage@4883b407] output={null}]]]>
              </value>
            </param>
          </params>
          <reporter-output>
          </reporter-output>
        </test-method> <!-- captureStatus -->
        <test-method status="PASS" signature="verifyUsingExcel()[pri:4, instance:com.testcases.HomeTestPage@4883b407]" name="verifyUsingExcel" duration-ms="11898" started-at="2019-06-27T13:11:54Z" finished-at="2019-06-27T13:12:06Z">
          <reporter-output>
          </reporter-output>
        </test-method> <!-- verifyUsingExcel -->
        <test-method status="PASS" signature="captureStatus(org.testng.ITestResult)[pri:0, instance:com.testcases.HomeTestPage@4883b407]" name="captureStatus" is-config="true" duration-ms="0" started-at="2019-06-27T13:12:06Z" finished-at="2019-06-27T13:12:06Z">
          <params>
            <param index="0">
              <value>
                <![CDATA[[TestResult name=verifyUsingExcel status=SUCCESS method=HomeTestPage.verifyUsingExcel()[pri:4, instance:com.testcases.HomeTestPage@4883b407] output={null}]]]>
              </value>
            </param>
          </params>
          <reporter-output>
          </reporter-output>
        </test-method> <!-- captureStatus -->
        <test-method status="PASS" signature="verifyExcelReports()[pri:5, instance:com.testcases.HomeTestPage@4883b407]" name="verifyExcelReports" duration-ms="3019" started-at="2019-06-27T13:12:06Z" finished-at="2019-06-27T13:12:09Z">
          <reporter-output>
          </reporter-output>
        </test-method> <!-- verifyExcelReports -->
        <test-method status="PASS" signature="captureStatus(org.testng.ITestResult)[pri:0, instance:com.testcases.HomeTestPage@4883b407]" name="captureStatus" is-config="true" duration-ms="0" started-at="2019-06-27T13:12:09Z" finished-at="2019-06-27T13:12:09Z">
          <params>
            <param index="0">
              <value>
                <![CDATA[[TestResult name=verifyExcelReports status=SUCCESS method=HomeTestPage.verifyExcelReports()[pri:5, instance:com.testcases.HomeTestPage@4883b407] output={null}]]]>
              </value>
            </param>
          </params>
          <reporter-output>
          </reporter-output>
        </test-method> <!-- captureStatus -->
        <test-method status="PASS" signature="tearDown()[pri:0, instance:com.testcases.HomeTestPage@4883b407]" name="tearDown" is-config="true" duration-ms="340" started-at="2019-06-27T13:12:09Z" finished-at="2019-06-27T13:12:10Z">
          <reporter-output>
          </reporter-output>
        </test-method> <!-- tearDown -->
      </class> <!-- com.testcases.HomeTestPage -->
    </test> <!-- Test -->
  </suite> <!-- Suite -->
</testng-results>
